JagStudio Version: 1.11 
 
Buildlink starting

Checking if assets.txt is newer than any of the build folder files....
    Opening - C:\gamedev\JAGSTU~1\projects\c\mortalkombat\assets.txt...
    Opening - C:\gamedev\JAGSTU~1\projects\c\mortalkombat\build\linkfile.bin...
    Opening - C:\gamedev\JAGSTU~1\projects\c\mortalkombat\build\romassets.inc...
    Opening - C:\gamedev\JAGSTU~1\projects\c\mortalkombat\build\romassets.h...
    Opening - C:\gamedev\JAGSTU~1\projects\c\mortalkombat\build\ramassets.inc...
    Opening - C:\gamedev\JAGSTU~1\projects\c\mortalkombat\build\build.log...
    Reading assets.txt line
    Reading assets.txt line
    Reading assets.txt line
    Reading assets.txt line
    Reading assets.txt line
    Reading assets.txt line
    Reading assets.txt line
    Reading assets.txt line
    Reading assets.txt line
    Reading assets.txt line
    Reading assets.txt line
    Reading assets.txt line
    Reading assets.txt line
    Reading assets.txt line
    Reading assets.txt line
    Reading assets.txt line
    Reading assets.txt line
    Reading assets.txt line
    Reading assets.txt line
    Reading assets.txt line
    Reading assets.txt line
    Reading assets.txt line
    Reading assets.txt line
    Reading assets.txt line
    Reading assets.txt line
    Reading assets.txt line
    Reading assets.txt line
    Reading assets.txt line
    Reading assets.txt line
    Reading assets.txt line
    Reading assets.txt line
    Reading assets.txt line
    Reading assets.txt line
        Processing ASSETS\GFX\pg_0.BMP
        Converting BMP internally into gfxdata/clut...
        File is 1024 pixels wide, 240 pixels high and is 16 bits/pixel
        Adding to the linkfile as ROM...
    Reading assets.txt line
        Processing ASSETS\GFX\pg_mountains.BMP
        Converting BMP internally into gfxdata/clut...
        File is 224 pixels wide, 48 pixels high and is 16 bits/pixel
        Adding to the linkfile as ROM...
    Reading assets.txt line
        Processing ASSETS\GFX\pg_temple.BMP
        Converting BMP internally into gfxdata/clut...
        File is 80 pixels wide, 112 pixels high and is 16 bits/pixel
        Adding to the linkfile as ROM...
    Reading assets.txt line
        Processing ASSETS\GFX\pg_cloud1.BMP
        Converting BMP internally into gfxdata/clut...
        File is 144 pixels wide, 56 pixels high and is 16 bits/pixel
        Adding to the linkfile as ROM...
    Reading assets.txt line
        Processing ASSETS\GFX\pg_cloud2.BMP
        Converting BMP internally into gfxdata/clut...
        File is 168 pixels wide, 56 pixels high and is 16 bits/pixel
        Adding to the linkfile as ROM...
    Reading assets.txt line
        Processing ASSETS\GFX\hud.BMP
        Converting BMP internally into gfxdata/clut...
        File is 312 pixels wide, 32 pixels high and is 16 bits/pixel
        Adding to the linkfile as ROM...
    Reading assets.txt line
        Processing ASSETS\GFX\hud_bar.BMP
        Converting BMP internally into gfxdata/clut...
        File is 112 pixels wide, 12 pixels high and is 16 bits/pixel
        Adding to the linkfile as ROM...
    Reading assets.txt line
        Processing ASSETS\GFX\hud_kano.BMP
        Converting BMP internally into gfxdata/clut...
        File is 40 pixels wide, 16 pixels high and is 16 bits/pixel
        Adding to the linkfile as ROM...
    Reading assets.txt line
        Processing ASSETS\GFX\hud_scorpion.BMP
        Converting BMP internally into gfxdata/clut...
        File is 72 pixels wide, 16 pixels high and is 16 bits/pixel
        Adding to the linkfile as ROM...
    Reading assets.txt line
        Processing ASSETS\GFX\flame.BMP
        Converting BMP internally into gfxdata/clut...
        File is 16 pixels wide, 384 pixels high and is 16 bits/pixel
        Adding to the linkfile as ROM...
    Reading assets.txt line
        Processing ASSETS\GFX\hitbox_body.BMP
        Converting BMP internally into gfxdata/clut...
        File is 24 pixels wide, 128 pixels high and is 16 bits/pixel
        Adding to the linkfile as ROM...
    Reading assets.txt line
        Processing ASSETS\GFX\hitbox_duck.BMP
        Converting BMP internally into gfxdata/clut...
        File is 24 pixels wide, 64 pixels high and is 16 bits/pixel
        Adding to the linkfile as ROM...
    Reading assets.txt line
        Processing ASSETS\GFX\hitbox_attack.BMP
        Converting BMP internally into gfxdata/clut...
        File is 16 pixels wide, 16 pixels high and is 16 bits/pixel
        Adding to the linkfile as ROM...
    Reading assets.txt line
        Processing ASSETS\GFX\scorpion.BMP
        Converting BMP internally into gfxdata/clut...
        File is 1024 pixels wide, 1024 pixels high and is 4 bits/pixel
        Adding to the linkfile as ROM...
    Reading assets.txt line
        Processing ASSETS\GFX\kano.BMP
        Converting BMP internally into gfxdata/clut...
        File is 1024 pixels wide, 1024 pixels high and is 4 bits/pixel
        Adding to the linkfile as ROM...
    Reading assets.txt line
        Processing ASSETS\SFX\explosion.wav
        Converting sound file into raw file (using sox)...
        Command run: sox.exe C:\gamedev\JAGSTU~1\projects\c\mortalkombat\ASSETS\SFX\explosion.wav--channels 1 --bits 8 --encoding signed-integer "C:\gamedev\JAGSTU~1\projects\c\mortalkombat\build\explosion.wav.raw" --show-progress rate -v 8000
        Adding in RAM...
    Reading assets.txt line
        Processing ASSETS\SFX\fight.wav
        Converting sound file into raw file (using sox)...
        Command run: sox.exe C:\gamedev\JAGSTU~1\projects\c\mortalkombat\ASSETS\SFX\fight.wav--channels 1 --bits 8 --encoding signed-integer "C:\gamedev\JAGSTU~1\projects\c\mortalkombat\build\fight.wav.raw" --show-progress rate -v 8000
        Adding in RAM...
    Reading assets.txt line
    Reading assets.txt line
Buildlink finished - everything went fine!
 
Assembling raptor skeleton... 
zero_audio.s 3: Warning: CLR.L opcode ignored...
 
Compiling C code to O... 
Compiling C code to S... 
 
Linking things... 
LOAD MAP

NON-RELOCATABLE SYMBOLS



TEXT-SEGMENT RELOCATABLE SYMBOLS

_TEXT_E  G  000331E0   Audio_Play G  000041E2   Input_ReadPads G  00004330   
Input_SetJoyPort1 G  00004372   Input_SetJoyPort2 G  00004380   Input_SetNormalPadMode G  0000438E   
Input_SetRotaryMode G  0000439C   Input_SetAtariMouseMode G  000043BC   Input_SetAmigaMouseMode G  000043CA   
Input_Read G  000043D8   jsfVsyncFlag G  000055BC   RAPTOR_PRE_Object_List G  000055C0   
RAPTOR_POST_Object_List G  000055C2   AUDIOPLAYER G  000062A2   JAGPAD_UP G  000062A4   
JAGPAD_DOWN G  000062A8   JAGPAD_LEFT G  000062AC   JAGPAD_RIGHT G  000062B0   
JAGPAD_HASH G  000062B4   JAGPAD_9 G  000062B8   JAGPAD_6 G  000062BC   
JAGPAD_3 G  000062C0   JAGPAD_PAUSE G  000062C4   JAGPAD_A G  000062C8   
JAGPAD_OPTION G  000062CC   JAGPAD_STAR G  000062D0   JAGPAD_7 G  000062D4   
JAGPAD_4 G  000062D8   JAGPAD_1 G  000062DC   JAGPAD_0 G  000062E0   
JAGPAD_8 G  000062E4   JAGPAD_5 G  000062E8   JAGPAD_2 G  000062EC   
JAGPAD_B G  000062F0   JAGPAD_C G  000062F4   JAGPAD_TL G  000062F8   
JAGPAD_TR G  000062FC   JAGPAD_Z G  00006300   JAGPAD_Y G  00006304   
JAGPAD_X G  00006308   JAGPAD_C1 G  0000630C   JAGPAD_C2 G  00006310   
JAGPAD_C3 G  00006314   explode_sam G  00013720   explode_sam_end G  00015032   
fight_sam G  00015040   fight_sam_end G  00016A62   RAPTOR_HWinit G  00016BA4   
RAPTOR_start_video G  000192D0   RAPTOR_setlist G  000193DE   RAPTOR_UPDATE_ALL G  000193BA   
raptor_spritetab G  00023210   raptor_maptop_obj G  000231A4   raptor_tiles_x G  000231A8   
raptor_tiles_y G  000231AC   raptor_tilesperx G  000231B0   raptor_tilespery G  000231B4   
raptor_mapwidth G  000231B8   raptor_mapheight G  000231BC   raptor_maxparts G  000231C0   
raptor_mapbmptiles G  000231C8   raptor_tilerem_mask G  000231CC   raptor_partbuf_x G  000231D0   
raptor_partbuf_y G  000231D4   raptor_pdriftx G  000231D8   raptor_pdrifty G  000231DC   
raptor_pgfx G  00023208   raptor_pgfxe G  0002320C   raptor_partitab G  00023214   
raptor_partipal G  00023200   raptor_8x8_addr G  000231F4   raptor_8x16_addr G  000231F8   
raptor_16x16_addr G  000231FC   raptor_MTwork G  00023204   raptor_mtapp G  00023218   
raptor_mtfn G  0002321C   raptor_vidmode G  00023198   raptor_videnable G  0002319C   
raptor_varmod G  000231A0   raptor_top_of_bss G  000231E0   raptor_trashram G  000231E4   
raptor_uvbi_jmp G  000231E8   raptor_poobjl G  000231EC   raptor_probjl G  000231F0   
raptor_inittab G  00023220   __Z9basicmainv G  00023240   RAPTOR_Version G  00016A80   
RAPTOR_random G  00016A9A   RAPTOR_Install G  00016AAC   RAPTOR_usepartipal G  00016B4E   
RAPTOR_use8x8fontpal G  00016B5C   RAPTOR_use8x16fontpal G  00016B6A   RAPTOR_use16x16fontpal G  00016B78   
raptor_font8x8_pal G  00016CB8   raptor_font8x16_pal G  00016CD8   raptor_font16x16_pal G  00016CF8   
RAPTOR_ERROR G  000171D2   RAPTOR_InitVideo G  000171E8   raptor_table_starts G  00017394   
raptor_collisionlist G  00017414   RAPTOR_move_palette G  0001841C   RAPTOR_GFXConvert G  00018434   
RAPTOR_setup_object_bra G  000188A4   RAPTOR_setup_object_xy G  000188BE   RAPTOR_setup_object_xyg G  000188F4   
RAPTOR_setup_object_xg G  00018938   RAPTOR_setup_object_g G  00018968   RAPTOR_setup_object_xyz G  00018978   
RAPTOR_rmw G  00018A50   RAPTOR_setpalt G  00018A5C   RAPTOR_reflect G  00018A70   
raptor_blitter_use G  00018A7C   RAPTOR_CreateObject G  00018BF8   RAPTOR_chk_highscores G  00018D26   
RAPTOR_resort_score_table G  00018D8A   raptor_MT_start_address G  00018E14   raptor_MT_save_length G  00018E18   
raptor_highscores1_hex G  00018E6C   raptor_highscores1_nam G  00018E94   raptor_highscores2_hex G  00018EE4   
raptor_highscores2_nam G  00018F0C   raptor_highscores3_hex G  00018F5C   raptor_highscores3_nam G  00018F84   
raptor_highscores4_hex G  00018FD4   raptor_highscores4_nam G  00018FFC   raptor_highscores5_hex G  0001904C   
raptor_highscores5_nam G  00019074   raptor_last_score_hex G  000190C4   raptor_last_score_name G  000190C8   
raptor_user_savedata G  000190CC   raptor_VI G  00019314   RAPTOR_wait_frame G  00019316   
raptor_vbl_time_remain G  00019340   RAPTOR_wait_frame_UPDATE_ALL G  00019344   RAPTOR_UPDATE_PARTICLES_ERASE G  0001937A   
RAPTOR_UPDATE_PARTICLES_PLOT G  0001938A   RAPTOR_UPDATE_SPRITES G  0001939A   RAPTOR_UPDATE_PARTICLES G  000193AA   
RAPTOR_update_offscreenlist G  0001943E   RAPTOR_VB_INTERUPT G  000194B0   raptor_ticks G  0001957C   
raptor_ntsc_flag G  0001957E   raptor_liststart G  00019584   RAPTOR_call_GPU_code G  0001958A   
RAPTOR_call_GPU_code_STOP G  000195BE   RAPTOR_call_GPU_code_nowait G  000195E8   RAPTOR_particle_init G  000195FA   
RAPTOR_particle_clear G  00019638   RAPTOR_print G  000196BE   RAPTOR_printr G  00019974   
RAPTOR_HEXtoASCII G  000199B2   RAPTOR_HEXtoDEC G  000199EC   RAPTOR_particle_trigtable G  00019A60   
RAPTOR_d_lz77 G  0001AA60   raptor_map_tiles_bits G  0001AB5C   RAPTOR_obj_shift G  0001AB60   
raptor_map_position_x G  0001AB80   raptor_map_position_y G  0001AB84   RAPTOR_init_map_objs G  0001AB88   
RAPTOR_map_set_position G  0001AC72   raptor_fade_delay G  0001ACA0   RAPTOR_fade_clut G  0001ACA2   
RAPTOR_fade_clutindex G  0001AD54   RAPTOR_attach_rmotion G  0001ADFA   RAPTOR_blitter G  0001AE00   
RAPTOR_NRVUnpack G  0001AE28   RAPTOR_setclock G  0001AE48   RAPTOR_addclock G  0001AE68   
RAPTOR_subclock G  0001AE9C   raptor_clock_jiffies G  0001AFD0   raptor_clock_mode G  0001AFD2   
raptor_clock_hex G  0001AFD4   raptor_clock_val G  0001AFD8   RAPTOR_ShrinklerDecompress G  0001B320   
RAPTOR_objsort G  0001B3DE   raptor_sorting_table G  0001B572   RAPTOR_calc_angle G  0001B8B8   
RAPTOR_init_calc_angle G  0001B8EC   RAPTOR_eeReadLongWord G  0001BA1E   RAPTOR_eeWriteLongWord G  0001BA3C   
RAPTOR_eeWriteWord G  0001BA54   RAPTOR_eeReadWord G  0001BA76   RAPTOR_eeWriteBank G  0001BA7C   
RAPTOR_eeReadBank G  0001BACA   RAPTOR_eeUpdateChecksum G  0001BB04   RAPTOR_eeValidateChecksum G  0001BB2C   
raptor_left_teamtap G  0001BC1E   raptor_right_teamtap G  0001BC22   raptor_left_teamtap_pad0 G  0001BC26   
raptor_left_teamtap_pad1 G  0001BC2A   raptor_left_teamtap_pad2 G  0001BC2E   raptor_left_teamtap_pad3 G  0001BC32   
raptor_right_teamtap_pad0 G  0001BC36   raptor_right_teamtap_pad1 G  0001BC3A   raptor_right_teamtap_pad2 G  0001BC3E   
raptor_right_teamtap_pad3 G  0001BC42   RAPTOR_check_left_teamptap G  0001BCC6   RAPTOR_check_right_teamptap G  0001BCF6   
RAPTOR_read_left_teamtap_state G  0001BD26   RAPTOR_read_right_teamtap_state G  0001BE9E   RAPTOR_read_right_teamtap_pad G  0001C036   
RAPTOR_read_left_teamtap_pad G  0001C038   RAPTOR_flashcheck G  0001C144   raptor_console_x G  0001C14A   
raptor_console_y G  0001C152   raptor_console_visible G  0001C15A   raptor_console_monitors G  0001C1AA   
RAPTOR_console_inverse G  00022000   RAPTOR_console_update_registers G  00022028   RAPTOR_console_update_usermonitors G  0002208C   
RAPTOR_console_update_textline G  00022102   raptor_mapindex G  000231C4   raptor_ang_search G  00023224   
raptor_col_user G  00023228   rapDebugSetXY G  00030A6E   rapDebugSetMonitor G  00030A1C   
rapSetClock G  00030D2E   jsfLoadClut G  0003077E   _memcpy  G  0002EEE0   
jsfGetPad G  0002FF44   __Z12bgScrollLeftv G  00023880   __Z20updateSpriteAnimatorP14SpriteAnimatorP14AnimationFrameibb G  000236E8   
jsfGetPadPressed G  0003010E   rapDebugUpdate G  00030A5A   _jsfVsync G  00030406   
rapDebugSetVisible G  00030A86   __Z13bgScrollRightv G  000237B0   __Z10fireButtonv G  00023582   
__Z8sfxShootv G  000235A0   zeroPlaySample G  000314FE   __Z12animateFramejjP14AnimationFramefj G  00023600   
___floatunsisf G  0002FC6A   ___mulsf3 G  0002F4FE   ___fixsfsi G  0002FEBA   
___mulsi3 G  0002F0C0   ___addsf3 G  0002F26E   ___fixunssfsi G  0002FA60   
__Z6moveUpv G  000237A0   __Z8moveDownv G  000237A8   ___floatsisf G  0002FC7E   
___gesf2 G  0002FA00   ___subsf3 G  0002F268   ___lesf2 G  0002FA40   
RAPTOR_mt_init G  00023960   RAPTOR_mt_load G  000239AC   RAPTOR_mt_save G  00023AA8   
raptor_mt_present G  000258B4   RAPTOR_MTtrash G  00025AD0   RAPTOR_U235SilenceChannels G  00029AE0   
RAPTOR_U235ChangeReplayFrq G  00029B44   RAPTOR_U235setpad1 G  00029B52   RAPTOR_U235setpad2 G  00029B5E   
RAPTOR_U235setrot1 G  00029B6A   RAPTOR_U235setrot2 G  00029B82   RAPTOR_U235init G  00029B9A   
RAPTOR_U235stopDSP G  00029C16   RAPTOR_U235playsample G  00029C3C   RAPTOR_U235queuesample G  00029C72   
RAPTOR_U235playqueue G  00029C90   RAPTOR_U235resetqueue G  00029CBC   RAPTOR_U235setmodule G  00029CEC   
RAPTOR_U235gomodule_mono G  00029CFC   RAPTOR_U235gomodule_stereo G  00029D1A   RAPTOR_U235stopmodule G  00029D38   
raptor_samplebank_ptr G  00029E90   modinit  G  0002C628   U235SE_initNTSC G  0002C5E4   
U235SE_initPAL G  0002C5F6   RAPTOR_LSP_onoff G  0002AB28   RAPTOR_LSP_stopmusic G  0002AB30   
RAPTOR_LSP_startmusic G  0002AB46   RAPTOR_LSP_playmodule G  0002AB5C   RAPTOR_LSP_Sample G  0002AB92   
RAPTOR_LSP_Init G  0002AC34   RAPTOR_LSP_StartDSP G  0002AC48   silence  G  0002ADB0   
fin_silence G  0002ADB4   RAPTOR_GD_Init G  0002AE4E   RAPTOR_GD_BIOSVersion G  0002AF24   
RAPTOR_GD_ROMWriteEnable G  0002AF4C   RAPTOR_GD_GetCartSerial G  0002AF74   RAPTOR_GD_GetCardSerial G  0002B010   
RAPTOR_GD_CardIn G  0002B03E   RAPTOR_GD_Reset G  0002B072   RAPTOR_GD_DebugString G  0002B092   
RAPTOR_GD_SetLED G  0002B0BA   RAPTOR_GD_DirOpen G  0002B0F4   RAPTOR_GD_DirRead G  0002B11C   
RAPTOR_GD_DirClose G  0002B156   RAPTOR_GD_FileOpen G  0002B18A   RAPTOR_GD_FileRead G  0002B1B8   
RAPTOR_GD_FileWrite G  0002B1E6   RAPTOR_GD_FileClose G  0002B214   RAPTOR_GD_FileSeek G  0002B242   
RAPTOR_GD_FileTell G  0002B270   RAPTOR_GD_FileSize G  0002B29E   RAPTOR_GD_FileInfo G  0002B2CC   
RAPTOR_ftime_to_ascii G  0002B2FA   RAPTOR_fdate_to_ascii G  0002B356   RAPTOR_GD_LoadFile G  0002B3B6   
RAPTOR_GD_SaveFile G  0002B400   raptor_GD_detect G  0002B450   raptor_GD_SERIAL G  0002B452   
raptor_GD_ASERIAL G  0002B462   raptor_SD_SERIAL G  0002B47E   raptor_GD_LEDstate G  0002B48E   
raptor_GD_cardstat G  0002B490   raptor_fileinfo G  0002B492   raptor_fsize G  0002B492   
raptor_fdate G  0002B496   raptor_ftime G  0002B498   raptor_fattr G  0002B49A   
raptor_fshort G  0002B49B   raptor_flong G  0002B4A8   U235SE_modinit G  0002C628   
modinitpos G  0002C62A   U235SE_modinitpos G  0002C62A   dspcode  G  0002CED0   
___bcopy G  0002EEEA   __bcopy  G  0002EEEA   _bcopy   G  0002EEEA   
_memmove G  0002EEE0   ___udivsi3 G  0002F100   ___divsi3 G  0002F160   
___umodsi3 G  0002F1A0   ___modsi3 G  0002F1E0   $_exception_handler G  0002F96E   
___divsf3 G  0002F62A   ___negsf2 G  0002F7F0   ___cmpsf2 G  0002F8DE   
___cmpsf2_internal G  0002F842   ___clear_sticky_bit G  0002F960   ___eqsf2 G  0002F9E0   
___ltsf2 G  0002FA20   ___unordsf2 G  0002FAC0   ___unorddf2 G  0002FB04   
___floatunsidf G  0002FB76   ___floatsidf G  0002FBDA   ___truncdfsf2 G  0002FD0A   
___extendsfdf2 G  0002FC92   ___fixdfsi G  0002FE40   _jsfDebugMessage G  0002FEE0   
_jsfDebugMessageHalt G  0002FF10   __Z17jsfGetPadPressed1v G  0002FFFA   __Z17jsfGetPadPressed2v G  00030084   
rapUnpack G  0003013A   jsfUnpack68k G  00030166   jsfSprlistFieldSetvalOffset G  00030222   
jsfSprlistFieldModOffset G  0003026A   jsfSprlistFieldSetOffset G  000302B4   jsfSprlistFieldSetval G  000302FC   
jsfSprlistFieldMod G  0003033A   jsfSprlistFieldSet G  0003037A   _cls     G  000303B8   
_jsfPlot G  000303C4   jsfDelay G  00030472   jsfEEPROMFullRead G  000304BC   
eeReadBank G  0003307E   jsfEEPROMWordRead G  000304DA   eeReadWord G  00032FC2   
jsfEEPROMBoardRead G  000304F4   eeReadSingleBank G  00033006   jsfEEPROMFullWrite G  000305A8   
eeWriteBank G  0003302E   jsfEEPROMWordWrite G  000305C6   eeWriteWord G  00032FA0   
jsfEEPROMBoardWrite G  000305E4   eeWriteSingleBank G  00032FC8   jsfEEPROMUserDataRead G  00030698   
jsfEEPROMUserDataWrite G  000306C6   jsfEEPROM G  000306F4   jsfEEPROMWord G  00030720   
jsfEEPROMBoard G  0003074E   jsfClearBuffer G  00030820   jsfSort  G  00030840   
rapInitCalcAngle G  000309B2   rapCalcAngle G  000309CC   rapAngleVector G  000309F2   
_rapDebugPrint G  00030A3E   rapHiscoreSort G  00030AA8   rapBlitlist G  00030AC6   
rapNumToStr G  00030AF6   rapHexToStr G  00030B16   RBRA     G  00030B3C   
rapHiscoreCheck G  00030B58   rapFadeSingle G  00030B7A   rapFadeClut G  00030B94   
rapSetActiveList G  00030BB6   rapCollide G  00030BD0   rapParticleInject G  00030C1A   
rapSetMapLoc G  00030C42   _rapPrint G  00030C68   _rapPrintCont G  00030C9C   
rapLocate G  00030CC4   rapUpdateOffscreenList G  00030CDC   rapSpriteShift G  00030CF6   
rapAddClock G  00030D44   rapSubClock G  00030D5E   rapSortSprites G  00030D78   
rapFlashCheck G  00030DB0   rapGDGetCartSerial G  00030DBE   rapGDCardInserted G  00030DCC   
rapGDSetLEDOn G  00030DEA   rapGDSetLEDOff G  00030E02   rapGDReset G  00030E1A   
rapGDGetCardSerial G  00030E34   rapGDDebugPrint G  00030E42   rapGDLoadFile G  00030E5E   
rapGDSaveFile G  00030E7C   rapGDBIOSVersion G  00030E9E   rapGDROMWriteEnable G  00030EAC   
rapGDDirOpen G  00030EBE   rapGDDirRead G  00030ED8   rapGDDirClose G  00030EEA   
rapGDFileOpen G  00030EFC   rapGDFileRead G  00030F1A   rapGDFileWrite G  00030F40   
rapGDFileClose G  00030F62   rapGDFileSeek G  00030F74   rapGDFileTell G  00030F96   
rapGDFileSize G  00030FA8   rapGDFileInfo G  00030FBA   rapGDFTimeToASCII G  00030FDC   
rapGDFDateToASCII G  00030FF2   rapUseParticlePalette G  00031008   rapUse8x8fontPalette G  0003101A   
rapUse8x16fontPalette G  0003102C   rapUse16x16fontPalette G  0003103E   u235PlaySample G  00031050   
u235PlaySampleFreq G  000310A6   u235ChannelFreq G  00031110   u235KillChannel G  0003116A   
u235ChannelVol G  000311B0   _u235GetPad G  00031206   __Z14u235PlayModuleis G  0003123C   
__Z14u235StopModulev G  000312A6   __Z11u235Silencev G  000312C8   u235ChangeReplayFrq G  000312EA   
_u235ModuleVol G  00031330   _u235SampleVol G  00031340   u235StopDSP G  00031350   
u235Init G  00031376   u235Restart G  000313BC   zeroGetPad G  0003149E   
zeroPlay G  0003155E   zeroClearChannel G  000315CE   LSPGetPad G  00031626   
LSPPlayModule G  0003165C   LSPStartMusic G  0003168A   LSPStopMusic G  000316A8   
LSPMusicToggle G  000316C6   LSPStartDSP G  000316E4   LSPPlaySampleLoop G  00031702   
LSPPlaySample G  00031746   rapCheckTTExists G  0003178E   rapGetTTState G  000317DE   
rapGetTTPad G  0003185E   __Z10ee_sprintfPcPKcz G  00032F50   ee_printf G  00032F6C   
eeUpdateChecksum G  000330BA   eeValidateChecksum G  000330E4   

DATA-SEGMENT RELOCATABLE SYMBOLS

_DATA_E  G  00033540   sprite   G  00033478   colliders G  00033474   
__fpCCR  G  000334E0   _xcpt    G  00033500   

BSS-SEGMENT RELOCATABLE SYMBOLS

_BSS_E   G  00059580   RAPTOR_particle_gfx G  00037550   RAPTOR_sprite_table G  00040B50   
_trashram G  000593F0   _js_r_textbuffer G  00059440   zero_left_pad G  00059458   
zero_right_pad G  0005945C   _pad1    G  0005943C   _pad1Last G  00059434   
_pad1Prev G  0005942C   _pad2    G  00059438   _pad2Last G  00059430   
_pad2Prev G  00059428   _plot_colour G  0005946C   rapAngle_xAdd G  00059424   
rapAngle_yAdd G  00059420   _js_r_xpos G  0005947A   _js_r_ypos G  00059476   
_jsfFontSize G  00059472   _jsfFontIndx G  0005946E   _yt2     G  00059444   
_y       G  0005944C   _errno   G  00059454   zero_mousex_delta G  00059460   
zero_mousey_delta G  00059464   zero_rotary_delta G  00059468   

LOAD MAP

NON-RELOCATABLE SYMBOLS



TEXT-SEGMENT RELOCATABLE SYMBOLS

_TEXT_E  G  000331E0   Audio_Play G  000041E2   Input_ReadPads G  00004330   
Input_SetJoyPort1 G  00004372   Input_SetJoyPort2 G  00004380   Input_SetNormalPadMode G  0000438E   
Input_SetRotaryMode G  0000439C   Input_SetAtariMouseMode G  000043BC   Input_SetAmigaMouseMode G  000043CA   
Input_Read G  000043D8   jsfVsyncFlag G  000055BC   RAPTOR_PRE_Object_List G  000055C0   
RAPTOR_POST_Object_List G  000055C2   AUDIOPLAYER G  000062A2   JAGPAD_UP G  000062A4   
JAGPAD_DOWN G  000062A8   JAGPAD_LEFT G  000062AC   JAGPAD_RIGHT G  000062B0   
JAGPAD_HASH G  000062B4   JAGPAD_9 G  000062B8   JAGPAD_6 G  000062BC   
JAGPAD_3 G  000062C0   JAGPAD_PAUSE G  000062C4   JAGPAD_A G  000062C8   
JAGPAD_OPTION G  000062CC   JAGPAD_STAR G  000062D0   JAGPAD_7 G  000062D4   
JAGPAD_4 G  000062D8   JAGPAD_1 G  000062DC   JAGPAD_0 G  000062E0   
JAGPAD_8 G  000062E4   JAGPAD_5 G  000062E8   JAGPAD_2 G  000062EC   
JAGPAD_B G  000062F0   JAGPAD_C G  000062F4   JAGPAD_TL G  000062F8   
JAGPAD_TR G  000062FC   JAGPAD_Z G  00006300   JAGPAD_Y G  00006304   
JAGPAD_X G  00006308   JAGPAD_C1 G  0000630C   JAGPAD_C2 G  00006310   
JAGPAD_C3 G  00006314   explode_sam G  00013720   explode_sam_end G  00015032   
fight_sam G  00015040   fight_sam_end G  00016A62   RAPTOR_HWinit G  00016BA4   
RAPTOR_start_video G  000192D0   RAPTOR_setlist G  000193DE   RAPTOR_UPDATE_ALL G  000193BA   
raptor_spritetab G  00023210   raptor_maptop_obj G  000231A4   raptor_tiles_x G  000231A8   
raptor_tiles_y G  000231AC   raptor_tilesperx G  000231B0   raptor_tilespery G  000231B4   
raptor_mapwidth G  000231B8   raptor_mapheight G  000231BC   raptor_maxparts G  000231C0   
raptor_mapbmptiles G  000231C8   raptor_tilerem_mask G  000231CC   raptor_partbuf_x G  000231D0   
raptor_partbuf_y G  000231D4   raptor_pdriftx G  000231D8   raptor_pdrifty G  000231DC   
raptor_pgfx G  00023208   raptor_pgfxe G  0002320C   raptor_partitab G  00023214   
raptor_partipal G  00023200   raptor_8x8_addr G  000231F4   raptor_8x16_addr G  000231F8   
raptor_16x16_addr G  000231FC   raptor_MTwork G  00023204   raptor_mtapp G  00023218   
raptor_mtfn G  0002321C   raptor_vidmode G  00023198   raptor_videnable G  0002319C   
raptor_varmod G  000231A0   raptor_top_of_bss G  000231E0   raptor_trashram G  000231E4   
raptor_uvbi_jmp G  000231E8   raptor_poobjl G  000231EC   raptor_probjl G  000231F0   
raptor_inittab G  00023220   __Z9basicmainv G  00023240   RAPTOR_Version G  00016A80   
RAPTOR_random G  00016A9A   RAPTOR_Install G  00016AAC   RAPTOR_usepartipal G  00016B4E   
RAPTOR_use8x8fontpal G  00016B5C   RAPTOR_use8x16fontpal G  00016B6A   RAPTOR_use16x16fontpal G  00016B78   
raptor_font8x8_pal G  00016CB8   raptor_font8x16_pal G  00016CD8   raptor_font16x16_pal G  00016CF8   
RAPTOR_ERROR G  000171D2   RAPTOR_InitVideo G  000171E8   raptor_table_starts G  00017394   
raptor_collisionlist G  00017414   RAPTOR_move_palette G  0001841C   RAPTOR_GFXConvert G  00018434   
RAPTOR_setup_object_bra G  000188A4   RAPTOR_setup_object_xy G  000188BE   RAPTOR_setup_object_xyg G  000188F4   
RAPTOR_setup_object_xg G  00018938   RAPTOR_setup_object_g G  00018968   RAPTOR_setup_object_xyz G  00018978   
RAPTOR_rmw G  00018A50   RAPTOR_setpalt G  00018A5C   RAPTOR_reflect G  00018A70   
raptor_blitter_use G  00018A7C   RAPTOR_CreateObject G  00018BF8   RAPTOR_chk_highscores G  00018D26   
RAPTOR_resort_score_table G  00018D8A   raptor_MT_start_address G  00018E14   raptor_MT_save_length G  00018E18   
raptor_highscores1_hex G  00018E6C   raptor_highscores1_nam G  00018E94   raptor_highscores2_hex G  00018EE4   
raptor_highscores2_nam G  00018F0C   raptor_highscores3_hex G  00018F5C   raptor_highscores3_nam G  00018F84   
raptor_highscores4_hex G  00018FD4   raptor_highscores4_nam G  00018FFC   raptor_highscores5_hex G  0001904C   
raptor_highscores5_nam G  00019074   raptor_last_score_hex G  000190C4   raptor_last_score_name G  000190C8   
raptor_user_savedata G  000190CC   raptor_VI G  00019314   RAPTOR_wait_frame G  00019316   
raptor_vbl_time_remain G  00019340   RAPTOR_wait_frame_UPDATE_ALL G  00019344   RAPTOR_UPDATE_PARTICLES_ERASE G  0001937A   
RAPTOR_UPDATE_PARTICLES_PLOT G  0001938A   RAPTOR_UPDATE_SPRITES G  0001939A   RAPTOR_UPDATE_PARTICLES G  000193AA   
RAPTOR_update_offscreenlist G  0001943E   RAPTOR_VB_INTERUPT G  000194B0   raptor_ticks G  0001957C   
raptor_ntsc_flag G  0001957E   raptor_liststart G  00019584   RAPTOR_call_GPU_code G  0001958A   
RAPTOR_call_GPU_code_STOP G  000195BE   RAPTOR_call_GPU_code_nowait G  000195E8   RAPTOR_particle_init G  000195FA   
RAPTOR_particle_clear G  00019638   RAPTOR_print G  000196BE   RAPTOR_printr G  00019974   
RAPTOR_HEXtoASCII G  000199B2   RAPTOR_HEXtoDEC G  000199EC   RAPTOR_particle_trigtable G  00019A60   
RAPTOR_d_lz77 G  0001AA60   raptor_map_tiles_bits G  0001AB5C   RAPTOR_obj_shift G  0001AB60   
raptor_map_position_x G  0001AB80   raptor_map_position_y G  0001AB84   RAPTOR_init_map_objs G  0001AB88   
RAPTOR_map_set_position G  0001AC72   raptor_fade_delay G  0001ACA0   RAPTOR_fade_clut G  0001ACA2   
RAPTOR_fade_clutindex G  0001AD54   RAPTOR_attach_rmotion G  0001ADFA   RAPTOR_blitter G  0001AE00   
RAPTOR_NRVUnpack G  0001AE28   RAPTOR_setclock G  0001AE48   RAPTOR_addclock G  0001AE68   
RAPTOR_subclock G  0001AE9C   raptor_clock_jiffies G  0001AFD0   raptor_clock_mode G  0001AFD2   
raptor_clock_hex G  0001AFD4   raptor_clock_val G  0001AFD8   RAPTOR_ShrinklerDecompress G  0001B320   
RAPTOR_objsort G  0001B3DE   raptor_sorting_table G  0001B572   RAPTOR_calc_angle G  0001B8B8   
RAPTOR_init_calc_angle G  0001B8EC   RAPTOR_eeReadLongWord G  0001BA1E   RAPTOR_eeWriteLongWord G  0001BA3C   
RAPTOR_eeWriteWord G  0001BA54   RAPTOR_eeReadWord G  0001BA76   RAPTOR_eeWriteBank G  0001BA7C   
RAPTOR_eeReadBank G  0001BACA   RAPTOR_eeUpdateChecksum G  0001BB04   RAPTOR_eeValidateChecksum G  0001BB2C   
raptor_left_teamtap G  0001BC1E   raptor_right_teamtap G  0001BC22   raptor_left_teamtap_pad0 G  0001BC26   
raptor_left_teamtap_pad1 G  0001BC2A   raptor_left_teamtap_pad2 G  0001BC2E   raptor_left_teamtap_pad3 G  0001BC32   
raptor_right_teamtap_pad0 G  0001BC36   raptor_right_teamtap_pad1 G  0001BC3A   raptor_right_teamtap_pad2 G  0001BC3E   
raptor_right_teamtap_pad3 G  0001BC42   RAPTOR_check_left_teamptap G  0001BCC6   RAPTOR_check_right_teamptap G  0001BCF6   
RAPTOR_read_left_teamtap_state G  0001BD26   RAPTOR_read_right_teamtap_state G  0001BE9E   RAPTOR_read_right_teamtap_pad G  0001C036   
RAPTOR_read_left_teamtap_pad G  0001C038   RAPTOR_flashcheck G  0001C144   raptor_console_x G  0001C14A   
raptor_console_y G  0001C152   raptor_console_visible G  0001C15A   raptor_console_monitors G  0001C1AA   
RAPTOR_console_inverse G  00022000   RAPTOR_console_update_registers G  00022028   RAPTOR_console_update_usermonitors G  0002208C   
RAPTOR_console_update_textline G  00022102   raptor_mapindex G  000231C4   raptor_ang_search G  00023224   
raptor_col_user G  00023228   rapDebugSetXY G  00030A6E   rapDebugSetMonitor G  00030A1C   
rapSetClock G  00030D2E   jsfLoadClut G  0003077E   _memcpy  G  0002EEE0   
jsfGetPad G  0002FF44   __Z12bgScrollLeftv G  00023880   __Z20updateSpriteAnimatorP14SpriteAnimatorP14AnimationFrameibb G  000236E8   
jsfGetPadPressed G  0003010E   rapDebugUpdate G  00030A5A   _jsfVsync G  00030406   
rapDebugSetVisible G  00030A86   __Z13bgScrollRightv G  000237B0   __Z10fireButtonv G  00023582   
__Z8sfxShootv G  000235A0   zeroPlaySample G  000314FE   __Z12animateFramejjP14AnimationFramefj G  00023600   
___floatunsisf G  0002FC6A   ___mulsf3 G  0002F4FE   ___fixsfsi G  0002FEBA   
___mulsi3 G  0002F0C0   ___addsf3 G  0002F26E   ___fixunssfsi G  0002FA60   
__Z6moveUpv G  000237A0   __Z8moveDownv G  000237A8   ___floatsisf G  0002FC7E   
___gesf2 G  0002FA00   ___subsf3 G  0002F268   ___lesf2 G  0002FA40   
RAPTOR_mt_init G  00023960   RAPTOR_mt_load G  000239AC   RAPTOR_mt_save G  00023AA8   
raptor_mt_present G  000258B4   RAPTOR_MTtrash G  00025AD0   RAPTOR_U235SilenceChannels G  00029AE0   
RAPTOR_U235ChangeReplayFrq G  00029B44   RAPTOR_U235setpad1 G  00029B52   RAPTOR_U235setpad2 G  00029B5E   
RAPTOR_U235setrot1 G  00029B6A   RAPTOR_U235setrot2 G  00029B82   RAPTOR_U235init G  00029B9A   
RAPTOR_U235stopDSP G  00029C16   RAPTOR_U235playsample G  00029C3C   RAPTOR_U235queuesample G  00029C72   
RAPTOR_U235playqueue G  00029C90   RAPTOR_U235resetqueue G  00029CBC   RAPTOR_U235setmodule G  00029CEC   
RAPTOR_U235gomodule_mono G  00029CFC   RAPTOR_U235gomodule_stereo G  00029D1A   RAPTOR_U235stopmodule G  00029D38   
raptor_samplebank_ptr G  00029E90   modinit  G  0002C628   U235SE_initNTSC G  0002C5E4   
U235SE_initPAL G  0002C5F6   RAPTOR_LSP_onoff G  0002AB28   RAPTOR_LSP_stopmusic G  0002AB30   
RAPTOR_LSP_startmusic G  0002AB46   RAPTOR_LSP_playmodule G  0002AB5C   RAPTOR_LSP_Sample G  0002AB92   
RAPTOR_LSP_Init G  0002AC34   RAPTOR_LSP_StartDSP G  0002AC48   silence  G  0002ADB0   
fin_silence G  0002ADB4   RAPTOR_GD_Init G  0002AE4E   RAPTOR_GD_BIOSVersion G  0002AF24   
RAPTOR_GD_ROMWriteEnable G  0002AF4C   RAPTOR_GD_GetCartSerial G  0002AF74   RAPTOR_GD_GetCardSerial G  0002B010   
RAPTOR_GD_CardIn G  0002B03E   RAPTOR_GD_Reset G  0002B072   RAPTOR_GD_DebugString G  0002B092   
RAPTOR_GD_SetLED G  0002B0BA   RAPTOR_GD_DirOpen G  0002B0F4   RAPTOR_GD_DirRead G  0002B11C   
RAPTOR_GD_DirClose G  0002B156   RAPTOR_GD_FileOpen G  0002B18A   RAPTOR_GD_FileRead G  0002B1B8   
RAPTOR_GD_FileWrite G  0002B1E6   RAPTOR_GD_FileClose G  0002B214   RAPTOR_GD_FileSeek G  0002B242   
RAPTOR_GD_FileTell G  0002B270   RAPTOR_GD_FileSize G  0002B29E   RAPTOR_GD_FileInfo G  0002B2CC   
RAPTOR_ftime_to_ascii G  0002B2FA   RAPTOR_fdate_to_ascii G  0002B356   RAPTOR_GD_LoadFile G  0002B3B6   
RAPTOR_GD_SaveFile G  0002B400   raptor_GD_detect G  0002B450   raptor_GD_SERIAL G  0002B452   
raptor_GD_ASERIAL G  0002B462   raptor_SD_SERIAL G  0002B47E   raptor_GD_LEDstate G  0002B48E   
raptor_GD_cardstat G  0002B490   raptor_fileinfo G  0002B492   raptor_fsize G  0002B492   
raptor_fdate G  0002B496   raptor_ftime G  0002B498   raptor_fattr G  0002B49A   
raptor_fshort G  0002B49B   raptor_flong G  0002B4A8   U235SE_modinit G  0002C628   
modinitpos G  0002C62A   U235SE_modinitpos G  0002C62A   dspcode  G  0002CED0   
___bcopy G  0002EEEA   __bcopy  G  0002EEEA   _bcopy   G  0002EEEA   
_memmove G  0002EEE0   ___udivsi3 G  0002F100   ___divsi3 G  0002F160   
___umodsi3 G  0002F1A0   ___modsi3 G  0002F1E0   $_exception_handler G  0002F96E   
___divsf3 G  0002F62A   ___negsf2 G  0002F7F0   ___cmpsf2 G  0002F8DE   
___cmpsf2_internal G  0002F842   ___clear_sticky_bit G  0002F960   ___eqsf2 G  0002F9E0   
___ltsf2 G  0002FA20   ___unordsf2 G  0002FAC0   ___unorddf2 G  0002FB04   
___floatunsidf G  0002FB76   ___floatsidf G  0002FBDA   ___truncdfsf2 G  0002FD0A   
___extendsfdf2 G  0002FC92   ___fixdfsi G  0002FE40   _jsfDebugMessage G  0002FEE0   
_jsfDebugMessageHalt G  0002FF10   __Z17jsfGetPadPressed1v G  0002FFFA   __Z17jsfGetPadPressed2v G  00030084   
rapUnpack G  0003013A   jsfUnpack68k G  00030166   jsfSprlistFieldSetvalOffset G  00030222   
jsfSprlistFieldModOffset G  0003026A   jsfSprlistFieldSetOffset G  000302B4   jsfSprlistFieldSetval G  000302FC   
jsfSprlistFieldMod G  0003033A   jsfSprlistFieldSet G  0003037A   _cls     G  000303B8   
_jsfPlot G  000303C4   jsfDelay G  00030472   jsfEEPROMFullRead G  000304BC   
eeReadBank G  0003307E   jsfEEPROMWordRead G  000304DA   eeReadWord G  00032FC2   
jsfEEPROMBoardRead G  000304F4   eeReadSingleBank G  00033006   jsfEEPROMFullWrite G  000305A8   
eeWriteBank G  0003302E   jsfEEPROMWordWrite G  000305C6   eeWriteWord G  00032FA0   
jsfEEPROMBoardWrite G  000305E4   eeWriteSingleBank G  00032FC8   jsfEEPROMUserDataRead G  00030698   
jsfEEPROMUserDataWrite G  000306C6   jsfEEPROM G  000306F4   jsfEEPROMWord G  00030720   
jsfEEPROMBoard G  0003074E   jsfClearBuffer G  00030820   jsfSort  G  00030840   
rapInitCalcAngle G  000309B2   rapCalcAngle G  000309CC   rapAngleVector G  000309F2   
_rapDebugPrint G  00030A3E   rapHiscoreSort G  00030AA8   rapBlitlist G  00030AC6   
rapNumToStr G  00030AF6   rapHexToStr G  00030B16   RBRA     G  00030B3C   
rapHiscoreCheck G  00030B58   rapFadeSingle G  00030B7A   rapFadeClut G  00030B94   
rapSetActiveList G  00030BB6   rapCollide G  00030BD0   rapParticleInject G  00030C1A   
rapSetMapLoc G  00030C42   _rapPrint G  00030C68   _rapPrintCont G  00030C9C   
rapLocate G  00030CC4   rapUpdateOffscreenList G  00030CDC   rapSpriteShift G  00030CF6   
rapAddClock G  00030D44   rapSubClock G  00030D5E   rapSortSprites G  00030D78   
rapFlashCheck G  00030DB0   rapGDGetCartSerial G  00030DBE   rapGDCardInserted G  00030DCC   
rapGDSetLEDOn G  00030DEA   rapGDSetLEDOff G  00030E02   rapGDReset G  00030E1A   
rapGDGetCardSerial G  00030E34   rapGDDebugPrint G  00030E42   rapGDLoadFile G  00030E5E   
rapGDSaveFile G  00030E7C   rapGDBIOSVersion G  00030E9E   rapGDROMWriteEnable G  00030EAC   
rapGDDirOpen G  00030EBE   rapGDDirRead G  00030ED8   rapGDDirClose G  00030EEA   
rapGDFileOpen G  00030EFC   rapGDFileRead G  00030F1A   rapGDFileWrite G  00030F40   
rapGDFileClose G  00030F62   rapGDFileSeek G  00030F74   rapGDFileTell G  00030F96   
rapGDFileSize G  00030FA8   rapGDFileInfo G  00030FBA   rapGDFTimeToASCII G  00030FDC   
rapGDFDateToASCII G  00030FF2   rapUseParticlePalette G  00031008   rapUse8x8fontPalette G  0003101A   
rapUse8x16fontPalette G  0003102C   rapUse16x16fontPalette G  0003103E   u235PlaySample G  00031050   
u235PlaySampleFreq G  000310A6   u235ChannelFreq G  00031110   u235KillChannel G  0003116A   
u235ChannelVol G  000311B0   _u235GetPad G  00031206   __Z14u235PlayModuleis G  0003123C   
__Z14u235StopModulev G  000312A6   __Z11u235Silencev G  000312C8   u235ChangeReplayFrq G  000312EA   
_u235ModuleVol G  00031330   _u235SampleVol G  00031340   u235StopDSP G  00031350   
u235Init G  00031376   u235Restart G  000313BC   zeroGetPad G  0003149E   
zeroPlay G  0003155E   zeroClearChannel G  000315CE   LSPGetPad G  00031626   
LSPPlayModule G  0003165C   LSPStartMusic G  0003168A   LSPStopMusic G  000316A8   
LSPMusicToggle G  000316C6   LSPStartDSP G  000316E4   LSPPlaySampleLoop G  00031702   
LSPPlaySample G  00031746   rapCheckTTExists G  0003178E   rapGetTTState G  000317DE   
rapGetTTPad G  0003185E   __Z10ee_sprintfPcPKcz G  00032F50   ee_printf G  00032F6C   
eeUpdateChecksum G  000330BA   eeValidateChecksum G  000330E4   

DATA-SEGMENT RELOCATABLE SYMBOLS

_DATA_E  G  00033540   sprite   G  00033478   colliders G  00033474   
__fpCCR  G  000334E0   _xcpt    G  00033500   

BSS-SEGMENT RELOCATABLE SYMBOLS

_BSS_E   G  00059580   RAPTOR_particle_gfx G  00037550   RAPTOR_sprite_table G  00040B50   
_trashram G  000593F0   _js_r_textbuffer G  00059440   zero_left_pad G  00059458   
zero_right_pad G  0005945C   _pad1    G  0005943C   _pad1Last G  00059434   
_pad1Prev G  0005942C   _pad2    G  00059438   _pad2Last G  00059430   
_pad2Prev G  00059428   _plot_colour G  0005946C   rapAngle_xAdd G  00059424   
rapAngle_yAdd G  00059420   _js_r_xpos G  0005947A   _js_r_ypos G  00059476   
_jsfFontSize G  00059472   _jsfFontIndx G  0005946E   _yt2     G  00059444   
_y       G  0005944C   _errno   G  00059454   zero_mousex_delta G  00059460   
zero_mousey_delta G  00059464   zero_rotary_delta G  00059468   

 
Making packed ROM... 
Make-a-rom starting
    Dumping universal header...
    Dumping startup code...
    Dumping linkfile...
    Packing basic binary...
    Dumping packed file...
    Padding ROM...
Make-a-rom finished - everything went fine!
 
starting vj 
